Started GET "/" for 127.0.0.1 at 2020-04-28 02:42:20 +0900
Processing by Rails::WelcomeController#index as HTML
  Rendering /usr/share/rubygems-integration/all/gems/railties-5.2.2.1/lib/rails/templates/rails/welcome/index.html.erb
  Rendered /usr/share/rubygems-integration/all/gems/railties-5.2.2.1/lib/rails/templates/rails/welcome/index.html.erb (3.5ms)
Completed 200 OK in 56ms (Views: 23.1ms | ActiveRecord: 0.0ms)


  [1m[35m (0.2ms)[0m  [1m[34mSELECT sqlite_version(*)[0m
  â†³ /usr/lib/ruby/vendor_ruby/rake/task.rb:271
  [1m[35m (136.3ms)[0m  [1m[35mCREATE TABLE "schema_migrations" ("version" varchar NOT NULL PRIMARY KEY)[0m
  â†³ /usr/lib/ruby/vendor_ruby/rake/task.rb:271
  [1m[35m (121.4ms)[0m  [1m[35mCREATE TABLE "ar_internal_metadata" ("key" varchar NOT NULL PRIMARY KEY, "value" varchar, "created_at" datetime NOT NULL, "updated_at" datetime NOT NULL)[0m
  â†³ /usr/lib/ruby/vendor_ruby/rake/task.rb:271
  [1m[35m (0.2ms)[0m  [1m[34mSELECT "schema_migrations"."version" FROM "schema_migrations" ORDER BY "schema_migrations"."version" ASC[0m
  â†³ /usr/lib/ruby/vendor_ruby/rake/task.rb:271
Migrating to CreateTopics (20200427174337)
  [1m[35m (0.1ms)[0m  [1m[36mbegin transaction[0m
  â†³ /usr/lib/ruby/vendor_ruby/rake/task.rb:271
  [1m[35m (0.5ms)[0m  [1m[35mCREATE TABLE "topics" ("id" integer PRIMARY KEY AUTOINCREMENT NOT NULL, "title" varchar, "created_at" datetime NOT NULL, "updated_at" datetime NOT NULL)[0m
  â†³ db/migrate/20200427174337_create_topics.rb:3
  [1m[36mActiveRecord::SchemaMigration Create (0.2ms)[0m  [1m[32mINSERT INTO "schema_migrations" ("version") VALUES (?)[0m  [["version", "20200427174337"]]
  â†³ /usr/lib/ruby/vendor_ruby/rake/task.rb:271
  [1m[35m (133.3ms)[0m  [1m[36mcommit transaction[0m
  â†³ /usr/lib/ruby/vendor_ruby/rake/task.rb:271
  [1m[36mActiveRecord::InternalMetadata Load (0.2ms)[0m  [1m[34mSELECT  "ar_internal_metadata".* FROM "ar_internal_metadata" WHERE "ar_internal_metadata"."key" = ? LIMIT ?[0m  [["key", "environment"], ["LIMIT", 1]]
  â†³ /usr/lib/ruby/vendor_ruby/rake/task.rb:271
  [1m[35m (0.1ms)[0m  [1m[36mbegin transaction[0m
  â†³ /usr/lib/ruby/vendor_ruby/rake/task.rb:271
  [1m[36mActiveRecord::InternalMetadata Create (0.4ms)[0m  [1m[32mINSERT INTO "ar_internal_metadata" ("key", "value", "created_at", "updated_at") VALUES (?, ?, ?, ?)[0m  [["key", "environment"], ["value", "development"], ["created_at", "2020-04-27 17:44:01.643673"], ["updated_at", "2020-04-27 17:44:01.643673"]]
  â†³ /usr/lib/ruby/vendor_ruby/rake/task.rb:271
  [1m[35m (112.0ms)[0m  [1m[36mcommit transaction[0m
  â†³ /usr/lib/ruby/vendor_ruby/rake/task.rb:271
  [1m[35m (0.3ms)[0m  [1m[34mSELECT "schema_migrations"."version" FROM "schema_migrations" ORDER BY "schema_migrations"."version" ASC[0m
  â†³ /usr/lib/ruby/vendor_ruby/rake/task.rb:271
Started GET "/" for 127.0.0.1 at 2020-04-28 02:44:08 +0900
  [1m[35m (0.1ms)[0m  [1m[34mSELECT "schema_migrations"."version" FROM "schema_migrations" ORDER BY "schema_migrations"."version" ASC[0m
  â†³ /usr/lib/ruby/vendor_ruby/web_console/middleware.rb:135
Processing by Rails::WelcomeController#index as HTML
  Rendering /usr/share/rubygems-integration/all/gems/railties-5.2.2.1/lib/rails/templates/rails/welcome/index.html.erb
  Rendered /usr/share/rubygems-integration/all/gems/railties-5.2.2.1/lib/rails/templates/rails/welcome/index.html.erb (2.3ms)
Completed 200 OK in 4ms (Views: 3.4ms | ActiveRecord: 0.0ms)


Started GET "/top" for 127.0.0.1 at 2020-04-28 02:44:15 +0900
  
ActionController::RoutingError (No route matches [GET] "/top"):
  
actionpack (5.2.2.1) lib/action_dispatch/middleware/debug_exceptions.rb:65:in `call'
/usr/lib/ruby/vendor_ruby/web_console/middleware.rb:135:in `call_app'
/usr/lib/ruby/vendor_ruby/web_console/middleware.rb:30:in `block in call'
/usr/lib/ruby/vendor_ruby/web_console/middleware.rb:20:in `catch'
/usr/lib/ruby/vendor_ruby/web_console/middleware.rb:20:in `call'
actionpack (5.2.2.1) lib/action_dispatch/middleware/show_exceptions.rb:33:in `call'
railties (5.2.2.1) lib/rails/rack/logger.rb:38:in `call_app'
railties (5.2.2.1) lib/rails/rack/logger.rb:26:in `block in call'
activesupport (5.2.2.1) lib/active_support/tagged_logging.rb:71:in `block in tagged'
activesupport (5.2.2.1) lib/active_support/tagged_logging.rb:28:in `tagged'
activesupport (5.2.2.1) lib/active_support/tagged_logging.rb:71:in `tagged'
railties (5.2.2.1) lib/rails/rack/logger.rb:26:in `call'
/usr/lib/ruby/vendor_ruby/sprockets/rails/quiet_assets.rb:13:in `call'
actionpack (5.2.2.1) lib/action_dispatch/middleware/remote_ip.rb:81:in `call'
actionpack (5.2.2.1) lib/action_dispatch/middleware/request_id.rb:27:in `call'
rack (2.2.2) lib/rack/method_override.rb:24:in `call'
rack (2.2.2) lib/rack/runtime.rb:22:in `call'
activesupport (5.2.2.1) lib/active_support/cache/strategy/local_cache_middleware.rb:29:in `call'
actionpack (5.2.2.1) lib/action_dispatch/middleware/executor.rb:14:in `call'
actionpack (5.2.2.1) lib/action_dispatch/middleware/static.rb:127:in `call'
rack (2.2.2) lib/rack/sendfile.rb:110:in `call'
railties (5.2.2.1) lib/rails/engine.rb:524:in `call'
/usr/lib/ruby/vendor_ruby/puma/configuration.rb:225:in `call'
/usr/lib/ruby/vendor_ruby/puma/server.rb:658:in `handle_request'
/usr/lib/ruby/vendor_ruby/puma/server.rb:472:in `process_client'
/usr/lib/ruby/vendor_ruby/puma/server.rb:332:in `block in run'
/usr/lib/ruby/vendor_ruby/puma/thread_pool.rb:133:in `block in spawn_thread'
Started GET "/topics" for 127.0.0.1 at 2020-04-28 02:44:17 +0900
Processing by TopicsController#index as HTML
  Rendering topics/index.html.erb within layouts/application
  [1m[36mTopic Load (0.2ms)[0m  [1m[34mSELECT "topics".* FROM "topics"[0m
  â†³ app/views/topics/index.html.erb:14
  Rendered topics/index.html.erb within layouts/application (2.4ms)
Completed 200 OK in 1998ms (Views: 1995.4ms | ActiveRecord: 0.5ms)


Started GET "/topics/new" for 127.0.0.1 at 2020-04-28 02:44:24 +0900
Processing by TopicsController#new as HTML
  Rendering topics/new.html.erb within layouts/application
  Rendered topics/_form.html.erb (127.5ms)
  Rendered topics/new.html.erb within layouts/application (128.6ms)
Completed 200 OK in 159ms (Views: 150.9ms | ActiveRecord: 0.5ms)


Started POST "/topics" for 127.0.0.1 at 2020-04-28 02:44:32 +0900
Processing by TopicsController#create as HTML
  Parameters: {"utf8"=>"âœ“", "authenticity_token"=>"+uXdH950UkRghgFDRpx+Zj2tQICfMM+BGVk9VohYvLgPbUKwK8WpIpjNyfSPXsUzli73XO6+/W75W5dlkIJTAg==", "topic"=>{"title"=>"ã“ã‚“ã«ã¡ã¯"}, "commit"=>"Create Topic"}
  [1m[35m (0.1ms)[0m  [1m[36mbegin transaction[0m
  â†³ app/controllers/topics_controller.rb:30
  [1m[36mTopic Create (0.4ms)[0m  [1m[32mINSERT INTO "topics" ("title", "created_at", "updated_at") VALUES (?, ?, ?)[0m  [["title", "ã“ã‚“ã«ã¡ã¯"], ["created_at", "2020-04-27 17:44:32.258676"], ["updated_at", "2020-04-27 17:44:32.258676"]]
  â†³ app/controllers/topics_controller.rb:30
  [1m[35m (220.6ms)[0m  [1m[36mcommit transaction[0m
  â†³ app/controllers/topics_controller.rb:30
Redirected to http://localhost:3000/topics/1
Completed 302 Found in 227ms (ActiveRecord: 221.0ms)


Started GET "/topics/1" for 127.0.0.1 at 2020-04-28 02:44:32 +0900
Processing by TopicsController#show as HTML
  Parameters: {"id"=>"1"}
  [1m[36mTopic Load (0.2ms)[0m  [1m[34mSELECT  "topics".* FROM "topics" WHERE "topics"."id" = ? LIMIT ?[0m  [["id", 1], ["LIMIT", 1]]
  â†³ app/controllers/topics_controller.rb:67
  Rendering topics/show.html.erb within layouts/application
  Rendered topics/show.html.erb within layouts/application (1.2ms)
Completed 200 OK in 36ms (Views: 21.1ms | ActiveRecord: 0.2ms)


Started GET "/topics/1/edit" for 127.0.0.1 at 2020-04-28 02:45:20 +0900
Processing by TopicsController#edit as HTML
  Parameters: {"id"=>"1"}
  [1m[36mTopic Load (0.1ms)[0m  [1m[34mSELECT  "topics".* FROM "topics" WHERE "topics"."id" = ? LIMIT ?[0m  [["id", 1], ["LIMIT", 1]]
  â†³ app/controllers/topics_controller.rb:67
  Rendering topics/edit.html.erb within layouts/application
  Rendered topics/_form.html.erb (2.7ms)
  Rendered topics/edit.html.erb within layouts/application (4.9ms)
Completed 200 OK in 26ms (Views: 23.9ms | ActiveRecord: 0.1ms)


Started PATCH "/topics/1" for 127.0.0.1 at 2020-04-28 02:45:24 +0900
Processing by TopicsController#update as HTML
  Parameters: {"utf8"=>"âœ“", "authenticity_token"=>"WxH3bo9f7SKjHLiVdldgtT/2Jw2X5gzFwrOkJHbW86WAnnN9Hgdpgey9PD1fDV8u/w4pkFUBFI8FkfigGYyXQQ==", "topic"=>{"title"=>"ã“ã‚“ã«ã¡ã¯"}, "commit"=>"Update Topic", "id"=>"1"}
  [1m[36mTopic Load (0.1ms)[0m  [1m[34mSELECT  "topics".* FROM "topics" WHERE "topics"."id" = ? LIMIT ?[0m  [["id", 1], ["LIMIT", 1]]
  â†³ app/controllers/topics_controller.rb:67
  [1m[35m (0.1ms)[0m  [1m[36mbegin transaction[0m
  â†³ app/controllers/topics_controller.rb:44
  [1m[35m (0.1ms)[0m  [1m[36mcommit transaction[0m
  â†³ app/controllers/topics_controller.rb:44
Redirected to http://localhost:3000/topics/1
Completed 302 Found in 4ms (ActiveRecord: 0.3ms)


Started GET "/topics/1" for 127.0.0.1 at 2020-04-28 02:45:24 +0900
Processing by TopicsController#show as HTML
  Parameters: {"id"=>"1"}
  [1m[36mTopic Load (0.1ms)[0m  [1m[34mSELECT  "topics".* FROM "topics" WHERE "topics"."id" = ? LIMIT ?[0m  [["id", 1], ["LIMIT", 1]]
  â†³ app/controllers/topics_controller.rb:67
  Rendering topics/show.html.erb within layouts/application
  Rendered topics/show.html.erb within layouts/application (0.9ms)
Completed 200 OK in 17ms (Views: 15.4ms | ActiveRecord: 0.1ms)


Started GET "/topics/1/edit" for 127.0.0.1 at 2020-04-28 02:45:26 +0900
Processing by TopicsController#edit as HTML
  Parameters: {"id"=>"1"}
  [1m[36mTopic Load (0.2ms)[0m  [1m[34mSELECT  "topics".* FROM "topics" WHERE "topics"."id" = ? LIMIT ?[0m  [["id", 1], ["LIMIT", 1]]
  â†³ app/controllers/topics_controller.rb:67
  Rendering topics/edit.html.erb within layouts/application
  Rendered topics/_form.html.erb (2.0ms)
  Rendered topics/edit.html.erb within layouts/application (3.2ms)
Completed 200 OK in 25ms (Views: 22.4ms | ActiveRecord: 0.2ms)


Started PATCH "/topics/1" for 127.0.0.1 at 2020-04-28 02:45:35 +0900
Processing by TopicsController#update as HTML
  Parameters: {"utf8"=>"âœ“", "authenticity_token"=>"JcCJhr8DdjqcQvnR7jKHTs/+uqGYt3dee+eHuu8xTfL+Tw2VLlvymdPjfXnHaLjVDwa0PFpQbxS8xds+gGspFg==", "topic"=>{"title"=>"ãŠã¯ã‚ˆã†ã”ã–ã„ã¾ã™"}, "commit"=>"Update Topic", "id"=>"1"}
  [1m[36mTopic Load (0.2ms)[0m  [1m[34mSELECT  "topics".* FROM "topics" WHERE "topics"."id" = ? LIMIT ?[0m  [["id", 1], ["LIMIT", 1]]
  â†³ app/controllers/topics_controller.rb:67
  [1m[35m (0.1ms)[0m  [1m[36mbegin transaction[0m
  â†³ app/controllers/topics_controller.rb:44
  [1m[36mTopic Update (2.8ms)[0m  [1m[33mUPDATE "topics" SET "title" = ?, "updated_at" = ? WHERE "topics"."id" = ?[0m  [["title", "ãŠã¯ã‚ˆã†ã”ã–ã„ã¾ã™"], ["updated_at", "2020-04-27 17:45:35.444241"], ["id", 1]]
  â†³ app/controllers/topics_controller.rb:44
  [1m[35m (275.4ms)[0m  [1m[36mcommit transaction[0m
  â†³ app/controllers/topics_controller.rb:44
Redirected to http://localhost:3000/topics/1
Completed 302 Found in 283ms (ActiveRecord: 278.4ms)


Started GET "/topics/1" for 127.0.0.1 at 2020-04-28 02:45:35 +0900
Processing by TopicsController#show as HTML
  Parameters: {"id"=>"1"}
  [1m[36mTopic Load (0.2ms)[0m  [1m[34mSELECT  "topics".* FROM "topics" WHERE "topics"."id" = ? LIMIT ?[0m  [["id", 1], ["LIMIT", 1]]
  â†³ app/controllers/topics_controller.rb:67
  Rendering topics/show.html.erb within layouts/application
  Rendered topics/show.html.erb within layouts/application (0.8ms)
Completed 200 OK in 23ms (Views: 20.8ms | ActiveRecord: 0.2ms)


Started GET "/topics" for 127.0.0.1 at 2020-04-28 02:45:38 +0900
Processing by TopicsController#index as HTML
  Rendering topics/index.html.erb within layouts/application
  [1m[36mTopic Load (0.2ms)[0m  [1m[34mSELECT "topics".* FROM "topics"[0m
  â†³ app/views/topics/index.html.erb:14
  Rendered topics/index.html.erb within layouts/application (2.2ms)
Completed 200 OK in 24ms (Views: 22.3ms | ActiveRecord: 0.2ms)


Started GET "/topics/1" for 127.0.0.1 at 2020-04-28 02:45:42 +0900
Processing by TopicsController#show as HTML
  Parameters: {"id"=>"1"}
  [1m[36mTopic Load (0.2ms)[0m  [1m[34mSELECT  "topics".* FROM "topics" WHERE "topics"."id" = ? LIMIT ?[0m  [["id", 1], ["LIMIT", 1]]
  â†³ app/controllers/topics_controller.rb:67
  Rendering topics/show.html.erb within layouts/application
  Rendered topics/show.html.erb within layouts/application (1.0ms)
Completed 200 OK in 22ms (Views: 19.8ms | ActiveRecord: 0.2ms)


Started GET "/topics/new" for 127.0.0.1 at 2020-04-28 02:45:45 +0900
Processing by TopicsController#new as HTML
  Rendering topics/new.html.erb within layouts/application
  Rendered topics/_form.html.erb (2.5ms)
  Rendered topics/new.html.erb within layouts/application (3.6ms)
Completed 200 OK in 26ms (Views: 24.5ms | ActiveRecord: 0.0ms)


Started POST "/topics" for 127.0.0.1 at 2020-04-28 02:45:48 +0900
Processing by TopicsController#create as HTML
  Parameters: {"utf8"=>"âœ“", "authenticity_token"=>"xvGZsmSpr7fKM4LOMf3Sdo1a5P2vQg0iQcK2jG0keOUzeQYdkRhU0TJ4Snn4P2kjJtlTId7MP82hwBy/df6XXw==", "topic"=>{"title"=>"ã“ã‚“ã«ã¡ã¯"}, "commit"=>"Create Topic"}
  [1m[35m (0.1ms)[0m  [1m[36mbegin transaction[0m
  â†³ app/controllers/topics_controller.rb:30
  [1m[36mTopic Create (0.3ms)[0m  [1m[32mINSERT INTO "topics" ("title", "created_at", "updated_at") VALUES (?, ?, ?)[0m  [["title", "ã“ã‚“ã«ã¡ã¯"], ["created_at", "2020-04-27 17:45:48.335696"], ["updated_at", "2020-04-27 17:45:48.335696"]]
  â†³ app/controllers/topics_controller.rb:30
  [1m[35m (295.4ms)[0m  [1m[36mcommit transaction[0m
  â†³ app/controllers/topics_controller.rb:30
Redirected to http://localhost:3000/topics/2
Completed 302 Found in 299ms (ActiveRecord: 295.7ms)


Started GET "/topics/2" for 127.0.0.1 at 2020-04-28 02:45:48 +0900
Processing by TopicsController#show as HTML
  Parameters: {"id"=>"2"}
  [1m[36mTopic Load (0.2ms)[0m  [1m[34mSELECT  "topics".* FROM "topics" WHERE "topics"."id" = ? LIMIT ?[0m  [["id", 2], ["LIMIT", 1]]
  â†³ app/controllers/topics_controller.rb:67
  Rendering topics/show.html.erb within layouts/application
  Rendered topics/show.html.erb within layouts/application (0.8ms)
Completed 200 OK in 24ms (Views: 22.2ms | ActiveRecord: 0.2ms)


Started GET "/topics/2/edit" for 127.0.0.1 at 2020-04-28 02:45:50 +0900
Processing by TopicsController#edit as HTML
  Parameters: {"id"=>"2"}
  [1m[36mTopic Load (0.1ms)[0m  [1m[34mSELECT  "topics".* FROM "topics" WHERE "topics"."id" = ? LIMIT ?[0m  [["id", 2], ["LIMIT", 1]]
  â†³ app/controllers/topics_controller.rb:67
  Rendering topics/edit.html.erb within layouts/application
  Rendered topics/_form.html.erb (3.1ms)
  Rendered topics/edit.html.erb within layouts/application (6.0ms)
Completed 200 OK in 26ms (Views: 24.0ms | ActiveRecord: 0.1ms)


Started PATCH "/topics/2" for 127.0.0.1 at 2020-04-28 02:45:52 +0900
Processing by TopicsController#update as HTML
  Parameters: {"utf8"=>"âœ“", "authenticity_token"=>"FshsgbVzAZyFjaBkQmS/t0gsnQTx3mh1zQS5xBG1xgVjjKdiv+eugSaBSOJ6Tpn8hFBG6wIliboPWp/5wey2pQ==", "topic"=>{"title"=>"ã“ã‚“ã«ã¡ã¯"}, "commit"=>"Update Topic", "id"=>"2"}
  [1m[36mTopic Load (0.1ms)[0m  [1m[34mSELECT  "topics".* FROM "topics" WHERE "topics"."id" = ? LIMIT ?[0m  [["id", 2], ["LIMIT", 1]]
  â†³ app/controllers/topics_controller.rb:67
  [1m[35m (0.1ms)[0m  [1m[36mbegin transaction[0m
  â†³ app/controllers/topics_controller.rb:44
  [1m[35m (0.1ms)[0m  [1m[36mcommit transaction[0m
  â†³ app/controllers/topics_controller.rb:44
Redirected to http://localhost:3000/topics/2
Completed 302 Found in 9ms (ActiveRecord: 0.2ms)


Started GET "/topics/2" for 127.0.0.1 at 2020-04-28 02:45:52 +0900
Processing by TopicsController#show as HTML
  Parameters: {"id"=>"2"}
  [1m[36mTopic Load (0.1ms)[0m  [1m[34mSELECT  "topics".* FROM "topics" WHERE "topics"."id" = ? LIMIT ?[0m  [["id", 2], ["LIMIT", 1]]
  â†³ app/controllers/topics_controller.rb:67
  Rendering topics/show.html.erb within layouts/application
  Rendered topics/show.html.erb within layouts/application (0.7ms)
Completed 200 OK in 18ms (Views: 16.6ms | ActiveRecord: 0.1ms)


Started GET "/topics" for 127.0.0.1 at 2020-04-28 02:45:53 +0900
Processing by TopicsController#index as HTML
  Rendering topics/index.html.erb within layouts/application
  [1m[36mTopic Load (0.2ms)[0m  [1m[34mSELECT "topics".* FROM "topics"[0m
  â†³ app/views/topics/index.html.erb:14
  Rendered topics/index.html.erb within layouts/application (2.5ms)
Completed 200 OK in 21ms (Views: 18.9ms | ActiveRecord: 0.2ms)


Started GET "/topics" for 127.0.0.1 at 2020-04-28 02:46:17 +0900
Processing by TopicsController#index as HTML
  Rendering topics/index.html.erb within layouts/application
  [1m[36mTopic Load (0.2ms)[0m  [1m[34mSELECT "topics".* FROM "topics"[0m
  â†³ app/views/topics/index.html.erb:14
  Rendered topics/index.html.erb within layouts/application (2.7ms)
Completed 200 OK in 21ms (Views: 19.8ms | ActiveRecord: 0.2ms)


Started GET "/topics/new" for 127.0.0.1 at 2020-04-28 02:46:21 +0900
Processing by TopicsController#new as HTML
  Rendering topics/new.html.erb within layouts/application
  Rendered topics/_form.html.erb (1.4ms)
  Rendered topics/new.html.erb within layouts/application (2.3ms)
Completed 200 OK in 22ms (Views: 21.2ms | ActiveRecord: 0.0ms)


Started GET "/topics" for 127.0.0.1 at 2020-04-28 02:46:26 +0900
Processing by TopicsController#index as HTML
  Rendering topics/index.html.erb within layouts/application
  [1m[36mTopic Load (0.2ms)[0m  [1m[34mSELECT "topics".* FROM "topics"[0m
  â†³ app/views/topics/index.html.erb:14
  Rendered topics/index.html.erb within layouts/application (2.3ms)
Completed 200 OK in 25ms (Views: 24.1ms | ActiveRecord: 0.2ms)


Started DELETE "/topics/2" for 127.0.0.1 at 2020-04-28 02:46:31 +0900
Processing by TopicsController#destroy as HTML
  Parameters: {"authenticity_token"=>"JXz8CE91q97TaAcVPrLk6p2/PkMHhVssY6qrjyMwPLT4qkuMSvT0Mp3jz1E0nosb8hh8FR9Yq1s7cjidYDi1Kw==", "id"=>"2"}
  [1m[36mTopic Load (0.2ms)[0m  [1m[34mSELECT  "topics".* FROM "topics" WHERE "topics"."id" = ? LIMIT ?[0m  [["id", 2], ["LIMIT", 1]]
  â†³ app/controllers/topics_controller.rb:67
  [1m[35m (0.1ms)[0m  [1m[36mbegin transaction[0m
  â†³ app/controllers/topics_controller.rb:57
  [1m[36mTopic Destroy (1.2ms)[0m  [1m[31mDELETE FROM "topics" WHERE "topics"."id" = ?[0m  [["id", 2]]
  â†³ app/controllers/topics_controller.rb:57
  [1m[35m (166.7ms)[0m  [1m[36mcommit transaction[0m
  â†³ app/controllers/topics_controller.rb:57
Redirected to http://localhost:3000/topics
Completed 302 Found in 172ms (ActiveRecord: 168.2ms)


Started GET "/topics" for 127.0.0.1 at 2020-04-28 02:46:31 +0900
Processing by TopicsController#index as HTML
  Rendering topics/index.html.erb within layouts/application
  [1m[36mTopic Load (0.2ms)[0m  [1m[34mSELECT "topics".* FROM "topics"[0m
  â†³ app/views/topics/index.html.erb:14
  Rendered topics/index.html.erb within layouts/application (2.6ms)
Completed 200 OK in 22ms (Views: 20.7ms | ActiveRecord: 0.2ms)


Started DELETE "/topics/1" for 127.0.0.1 at 2020-04-28 02:46:35 +0900
Processing by TopicsController#destroy as HTML
  Parameters: {"authenticity_token"=>"gmnvNbu+MM5TRrVZiPdoOWSVRIN8UOmfrL1SM9vg6Y9fv1ixvj9vIh3NfR2C2wfICzIG1WSNGej0ZcEhmOhgEA==", "id"=>"1"}
  [1m[36mTopic Load (0.2ms)[0m  [1m[34mSELECT  "topics".* FROM "topics" WHERE "topics"."id" = ? LIMIT ?[0m  [["id", 1], ["LIMIT", 1]]
  â†³ app/controllers/topics_controller.rb:67
  [1m[35m (0.1ms)[0m  [1m[36mbegin transaction[0m
  â†³ app/controllers/topics_controller.rb:57
  [1m[36mTopic Destroy (0.4ms)[0m  [1m[31mDELETE FROM "topics" WHERE "topics"."id" = ?[0m  [["id", 1]]
  â†³ app/controllers/topics_controller.rb:57
  [1m[35m (137.1ms)[0m  [1m[36mcommit transaction[0m
  â†³ app/controllers/topics_controller.rb:57
Redirected to http://localhost:3000/topics
Completed 302 Found in 143ms (ActiveRecord: 137.7ms)


Started GET "/topics" for 127.0.0.1 at 2020-04-28 02:46:35 +0900
Processing by TopicsController#index as HTML
  Rendering topics/index.html.erb within layouts/application
  [1m[36mTopic Load (0.2ms)[0m  [1m[34mSELECT "topics".* FROM "topics"[0m
  â†³ app/views/topics/index.html.erb:14
  Rendered topics/index.html.erb within layouts/application (1.9ms)
Completed 200 OK in 21ms (Views: 19.2ms | ActiveRecord: 0.2ms)


Started GET "/topics" for 127.0.0.1 at 2020-04-28 02:48:12 +0900
Processing by TopicsController#index as HTML
  Rendering topics/index.html.erb within layouts/application
  [1m[36mTopic Load (0.2ms)[0m  [1m[34mSELECT "topics".* FROM "topics"[0m
  â†³ app/views/topics/index.html.erb:14
  Rendered topics/index.html.erb within layouts/application (1.6ms)
Completed 200 OK in 24ms (Views: 22.7ms | ActiveRecord: 0.2ms)


Started GET "/topics/new" for 127.0.0.1 at 2020-04-28 02:48:41 +0900
Processing by TopicsController#new as HTML
  Rendering topics/new.html.erb within layouts/application
  Rendered topics/_form.html.erb (2.9ms)
  Rendered topics/new.html.erb within layouts/application (4.5ms)
Completed 200 OK in 23ms (Views: 21.4ms | ActiveRecord: 0.0ms)


Started GET "/topics/new" for 127.0.0.1 at 2020-04-28 02:48:56 +0900
Processing by TopicsController#new as HTML
  Rendering topics/new.html.erb within layouts/application
  Rendered topics/_form.html.erb (2.8ms)
  Rendered topics/new.html.erb within layouts/application (4.7ms)
Completed 200 OK in 26ms (Views: 24.4ms | ActiveRecord: 0.0ms)


Started POST "/topics" for 127.0.0.1 at 2020-04-28 02:49:02 +0900
Processing by TopicsController#create as HTML
  Parameters: {"utf8"=>"âœ“", "authenticity_token"=>"25OSjuTwxguX5jLCKlXqL5TETLSqgoU2aTuJXdFC9nUuGw0hEUE9bW+t+nXjl1F6P0f7aNsMt9mJOSNuyZgZzw==", "topic"=>{"title"=>"ãƒ†ã‚¹ãƒˆæŠ•ç¨¿"}, "commit"=>"Create Topic"}
  [1m[35m (0.1ms)[0m  [1m[36mbegin transaction[0m
  â†³ app/controllers/topics_controller.rb:30
  [1m[36mTopic Create (2.3ms)[0m  [1m[32mINSERT INTO "topics" ("title", "created_at", "updated_at") VALUES (?, ?, ?)[0m  [["title", "ãƒ†ã‚¹ãƒˆæŠ•ç¨¿"], ["created_at", "2020-04-27 17:49:02.852482"], ["updated_at", "2020-04-27 17:49:02.852482"]]
  â†³ app/controllers/topics_controller.rb:30
  [1m[35m (255.3ms)[0m  [1m[36mcommit transaction[0m
  â†³ app/controllers/topics_controller.rb:30
Redirected to http://localhost:3000/topics/3
Completed 302 Found in 264ms (ActiveRecord: 257.7ms)


Started GET "/topics/3" for 127.0.0.1 at 2020-04-28 02:49:03 +0900
Processing by TopicsController#show as HTML
  Parameters: {"id"=>"3"}
  [1m[36mTopic Load (0.1ms)[0m  [1m[34mSELECT  "topics".* FROM "topics" WHERE "topics"."id" = ? LIMIT ?[0m  [["id", 3], ["LIMIT", 1]]
  â†³ app/controllers/topics_controller.rb:67
  Rendering topics/show.html.erb within layouts/application
  Rendered topics/show.html.erb within layouts/application (0.6ms)
Completed 200 OK in 22ms (Views: 20.4ms | ActiveRecord: 0.1ms)


Started GET "/topics/3/edit" for 127.0.0.1 at 2020-04-28 02:49:06 +0900
Processing by TopicsController#edit as HTML
  Parameters: {"id"=>"3"}
  [1m[36mTopic Load (0.1ms)[0m  [1m[34mSELECT  "topics".* FROM "topics" WHERE "topics"."id" = ? LIMIT ?[0m  [["id", 3], ["LIMIT", 1]]
  â†³ app/controllers/topics_controller.rb:67
  Rendering topics/edit.html.erb within layouts/application
  Rendered topics/_form.html.erb (2.0ms)
  Rendered topics/edit.html.erb within layouts/application (3.3ms)
Completed 200 OK in 22ms (Views: 19.5ms | ActiveRecord: 0.1ms)


Started PATCH "/topics/3" for 127.0.0.1 at 2020-04-28 02:49:07 +0900
Processing by TopicsController#update as HTML
  Parameters: {"utf8"=>"âœ“", "authenticity_token"=>"lvRKb4hLkjmWGvYrJaD6Smu2yC+q7HEKmu3ZSUDTPB1Rh7swjKIz6LC9AuWM/Po1sUeCT9DaZJsOrLWrOdctCQ==", "topic"=>{"title"=>"ãƒ†ã‚¹ãƒˆæŠ•ç¨¿"}, "commit"=>"Update Topic", "id"=>"3"}
  [1m[36mTopic Load (0.2ms)[0m  [1m[34mSELECT  "topics".* FROM "topics" WHERE "topics"."id" = ? LIMIT ?[0m  [["id", 3], ["LIMIT", 1]]
  â†³ app/controllers/topics_controller.rb:67
  [1m[35m (0.1ms)[0m  [1m[36mbegin transaction[0m
  â†³ app/controllers/topics_controller.rb:44
  [1m[35m (0.0ms)[0m  [1m[36mcommit transaction[0m
  â†³ app/controllers/topics_controller.rb:44
Redirected to http://localhost:3000/topics/3
Completed 302 Found in 3ms (ActiveRecord: 0.3ms)


Started GET "/topics/3" for 127.0.0.1 at 2020-04-28 02:49:07 +0900
Processing by TopicsController#show as HTML
  Parameters: {"id"=>"3"}
  [1m[36mTopic Load (0.1ms)[0m  [1m[34mSELECT  "topics".* FROM "topics" WHERE "topics"."id" = ? LIMIT ?[0m  [["id", 3], ["LIMIT", 1]]
  â†³ app/controllers/topics_controller.rb:67
  Rendering topics/show.html.erb within layouts/application
  Rendered topics/show.html.erb within layouts/application (0.8ms)
Completed 200 OK in 23ms (Views: 20.2ms | ActiveRecord: 0.1ms)


Started GET "/topics" for 127.0.0.1 at 2020-04-28 02:49:10 +0900
Processing by TopicsController#index as HTML
  Rendering topics/index.html.erb within layouts/application
  [1m[36mTopic Load (0.2ms)[0m  [1m[34mSELECT "topics".* FROM "topics"[0m
  â†³ app/views/topics/index.html.erb:14
  Rendered topics/index.html.erb within layouts/application (2.5ms)
Completed 200 OK in 27ms (Views: 25.4ms | ActiveRecord: 0.2ms)


Started GET "/topics/3/edit" for 127.0.0.1 at 2020-04-28 02:49:16 +0900
Processing by TopicsController#edit as HTML
  Parameters: {"id"=>"3"}
  [1m[36mTopic Load (0.1ms)[0m  [1m[34mSELECT  "topics".* FROM "topics" WHERE "topics"."id" = ? LIMIT ?[0m  [["id", 3], ["LIMIT", 1]]
  â†³ app/controllers/topics_controller.rb:67
  Rendering topics/edit.html.erb within layouts/application
  Rendered topics/_form.html.erb (1.6ms)
  Rendered topics/edit.html.erb within layouts/application (3.1ms)
Completed 200 OK in 27ms (Views: 25.9ms | ActiveRecord: 0.1ms)


Started PATCH "/topics/3" for 127.0.0.1 at 2020-04-28 02:49:23 +0900
Processing by TopicsController#update as HTML
  Parameters: {"utf8"=>"âœ“", "authenticity_token"=>"QHvxDMaVEjSMx4EzjBitc5P8LCSwPQs0CyS+PEC3Cf+HCABTwnyz5apgdf0lRK0MSQ1mRMoLHqWfZdLeObMY6w==", "topic"=>{"title"=>"ãƒ†ã‚¹ãƒˆæŠ•ç¨¿ã§ã™"}, "commit"=>"Update Topic", "id"=>"3"}
  [1m[36mTopic Load (0.1ms)[0m  [1m[34mSELECT  "topics".* FROM "topics" WHERE "topics"."id" = ? LIMIT ?[0m  [["id", 3], ["LIMIT", 1]]
  â†³ app/controllers/topics_controller.rb:67
  [1m[35m (0.1ms)[0m  [1m[36mbegin transaction[0m
  â†³ app/controllers/topics_controller.rb:44
  [1m[36mTopic Update (0.9ms)[0m  [1m[33mUPDATE "topics" SET "title" = ?, "updated_at" = ? WHERE "topics"."id" = ?[0m  [["title", "ãƒ†ã‚¹ãƒˆæŠ•ç¨¿ã§ã™"], ["updated_at", "2020-04-27 17:49:23.770766"], ["id", 3]]
  â†³ app/controllers/topics_controller.rb:44
  [1m[35m (263.2ms)[0m  [1m[36mcommit transaction[0m
  â†³ app/controllers/topics_controller.rb:44
Redirected to http://localhost:3000/topics/3
Completed 302 Found in 269ms (ActiveRecord: 264.3ms)


Started GET "/topics/3" for 127.0.0.1 at 2020-04-28 02:49:24 +0900
Processing by TopicsController#show as HTML
  Parameters: {"id"=>"3"}
  [1m[36mTopic Load (0.2ms)[0m  [1m[34mSELECT  "topics".* FROM "topics" WHERE "topics"."id" = ? LIMIT ?[0m  [["id", 3], ["LIMIT", 1]]
  â†³ app/controllers/topics_controller.rb:67
  Rendering topics/show.html.erb within layouts/application
  Rendered topics/show.html.erb within layouts/application (0.7ms)
Completed 200 OK in 22ms (Views: 19.4ms | ActiveRecord: 0.2ms)


Started GET "/topics/3/edit" for 127.0.0.1 at 2020-04-28 02:49:26 +0900
Processing by TopicsController#edit as HTML
  Parameters: {"id"=>"3"}
  [1m[36mTopic Load (0.2ms)[0m  [1m[34mSELECT  "topics".* FROM "topics" WHERE "topics"."id" = ? LIMIT ?[0m  [["id", 3], ["LIMIT", 1]]
  â†³ app/controllers/topics_controller.rb:67
  Rendering topics/edit.html.erb within layouts/application
  Rendered topics/_form.html.erb (1.8ms)
  Rendered topics/edit.html.erb within layouts/application (3.3ms)
Completed 200 OK in 24ms (Views: 21.5ms | ActiveRecord: 0.2ms)


Started PATCH "/topics/3" for 127.0.0.1 at 2020-04-28 02:49:27 +0900
Processing by TopicsController#update as HTML
  Parameters: {"utf8"=>"âœ“", "authenticity_token"=>"wuS79X7umU1N83HypZ9JuNFBY5e0xfRpefWhrjzgldgFl0qqegc4nGtUhTwMw0nHC7Ap987z4fjttM1MReSEzA==", "topic"=>{"title"=>"ãƒ†ã‚¹ãƒˆæŠ•ç¨¿ã§ã™"}, "commit"=>"Update Topic", "id"=>"3"}
  [1m[36mTopic Load (0.2ms)[0m  [1m[34mSELECT  "topics".* FROM "topics" WHERE "topics"."id" = ? LIMIT ?[0m  [["id", 3], ["LIMIT", 1]]
  â†³ app/controllers/topics_controller.rb:67
  [1m[35m (0.1ms)[0m  [1m[36mbegin transaction[0m
  â†³ app/controllers/topics_controller.rb:44
  [1m[35m (0.0ms)[0m  [1m[36mcommit transaction[0m
  â†³ app/controllers/topics_controller.rb:44
Redirected to http://localhost:3000/topics/3
Completed 302 Found in 3ms (ActiveRecord: 0.3ms)


Started GET "/topics/3" for 127.0.0.1 at 2020-04-28 02:49:27 +0900
Processing by TopicsController#show as HTML
  Parameters: {"id"=>"3"}
  [1m[36mTopic Load (0.1ms)[0m  [1m[34mSELECT  "topics".* FROM "topics" WHERE "topics"."id" = ? LIMIT ?[0m  [["id", 3], ["LIMIT", 1]]
  â†³ app/controllers/topics_controller.rb:67
  Rendering topics/show.html.erb within layouts/application
  Rendered topics/show.html.erb within layouts/application (0.6ms)
Completed 200 OK in 19ms (Views: 17.2ms | ActiveRecord: 0.1ms)


Started GET "/topics" for 127.0.0.1 at 2020-04-28 02:49:28 +0900
Processing by TopicsController#index as HTML
  Rendering topics/index.html.erb within layouts/application
  [1m[36mTopic Load (0.1ms)[0m  [1m[34mSELECT "topics".* FROM "topics"[0m
  â†³ app/views/topics/index.html.erb:14
  Rendered topics/index.html.erb within layouts/application (2.2ms)
Completed 200 OK in 24ms (Views: 22.6ms | ActiveRecord: 0.1ms)


Started GET "/" for 127.0.0.1 at 2020-04-28 02:50:17 +0900
Processing by Rails::WelcomeController#index as HTML
  Rendering /usr/share/rubygems-integration/all/gems/railties-5.2.2.1/lib/rails/templates/rails/welcome/index.html.erb
  Rendered /usr/share/rubygems-integration/all/gems/railties-5.2.2.1/lib/rails/templates/rails/welcome/index.html.erb (3.9ms)
Completed 200 OK in 7ms (Views: 5.1ms | ActiveRecord: 0.0ms)


Started GET "/topics" for 127.0.0.1 at 2020-04-28 02:51:45 +0900
Processing by TopicsController#index as HTML
  Rendering topics/index.html.erb within layouts/application
  [1m[36mTopic Load (0.2ms)[0m  [1m[34mSELECT "topics".* FROM "topics"[0m
  â†³ app/views/topics/index.html.erb:14
  Rendered topics/index.html.erb within layouts/application (1.8ms)
Completed 200 OK in 23ms (Views: 21.3ms | ActiveRecord: 0.2ms)


Started GET "/topics/new" for 127.0.0.1 at 2020-04-28 02:51:48 +0900
Processing by TopicsController#new as HTML
  Rendering topics/new.html.erb within layouts/application
  Rendered topics/_form.html.erb (2.6ms)
  Rendered topics/new.html.erb within layouts/application (4.4ms)
Completed 200 OK in 26ms (Views: 24.2ms | ActiveRecord: 0.0ms)


Started GET "/topics/new" for 127.0.0.1 at 2020-04-28 02:53:44 +0900
Processing by TopicsController#new as HTML
  Rendering topics/new.html.erb within layouts/application
  Rendered topics/_form.html.erb (1.5ms)
  Rendered topics/new.html.erb within layouts/application (2.3ms)
Completed 200 OK in 29ms (Views: 21.8ms | ActiveRecord: 0.9ms)


Started GET "/" for 127.0.0.1 at 2020-04-28 02:53:49 +0900
Processing by TopicsController#index as HTML
  Rendering topics/index.html.erb within layouts/application
  [1m[36mTopic Load (0.2ms)[0m  [1m[34mSELECT "topics".* FROM "topics"[0m
  â†³ app/views/topics/index.html.erb:14
  Rendered topics/index.html.erb within layouts/application (2.7ms)
Completed 200 OK in 25ms (Views: 23.3ms | ActiveRecord: 0.2ms)


Started GET "/topics/new" for 127.0.0.1 at 2020-04-28 02:55:13 +0900
Processing by TopicsController#new as HTML
  Rendering topics/new.html.erb within layouts/application
  Rendered topics/_form.html.erb (2.1ms)
  Rendered topics/new.html.erb within layouts/application (3.5ms)
Completed 200 OK in 23ms (Views: 21.2ms | ActiveRecord: 0.0ms)


Started POST "/topics" for 127.0.0.1 at 2020-04-28 02:55:16 +0900
Processing by TopicsController#create as HTML
  Parameters: {"utf8"=>"âœ“", "authenticity_token"=>"xdy+tBFDnm1GV2vjfBF0iL8nlqGZaQ41rkEMSDpSHOYwVCEb5PJlC74co1S108/dFKQhfejnPNpOQ6Z7IojzXA==", "topic"=>{"title"=>"ã“ã‚“ã«ã¡ã¯"}, "commit"=>"Create Topic"}
  [1m[35m (0.1ms)[0m  [1m[36mbegin transaction[0m
  â†³ app/controllers/topics_controller.rb:30
  [1m[36mTopic Create (0.3ms)[0m  [1m[32mINSERT INTO "topics" ("title", "created_at", "updated_at") VALUES (?, ?, ?)[0m  [["title", "ã“ã‚“ã«ã¡ã¯"], ["created_at", "2020-04-27 17:55:16.581483"], ["updated_at", "2020-04-27 17:55:16.581483"]]
  â†³ app/controllers/topics_controller.rb:30
  [1m[35m (181.9ms)[0m  [1m[36mcommit transaction[0m
  â†³ app/controllers/topics_controller.rb:30
Redirected to http://localhost:3000/topics/4
Completed 302 Found in 188ms (ActiveRecord: 182.3ms)


Started GET "/topics/4" for 127.0.0.1 at 2020-04-28 02:55:16 +0900
Processing by TopicsController#show as HTML
  Parameters: {"id"=>"4"}
  [1m[36mTopic Load (0.2ms)[0m  [1m[34mSELECT  "topics".* FROM "topics" WHERE "topics"."id" = ? LIMIT ?[0m  [["id", 4], ["LIMIT", 1]]
  â†³ app/controllers/topics_controller.rb:67
  Rendering topics/show.html.erb within layouts/application
  Rendered topics/show.html.erb within layouts/application (0.7ms)
Completed 200 OK in 22ms (Views: 19.7ms | ActiveRecord: 0.2ms)


Started GET "/topics" for 127.0.0.1 at 2020-04-28 02:55:20 +0900
Processing by TopicsController#index as HTML
  Rendering topics/index.html.erb within layouts/application
  [1m[36mTopic Load (0.4ms)[0m  [1m[34mSELECT "topics".* FROM "topics"[0m
  â†³ app/views/topics/index.html.erb:14
  Rendered topics/index.html.erb within layouts/application (3.2ms)
Completed 200 OK in 30ms (Views: 28.8ms | ActiveRecord: 0.4ms)


Started GET "/topics" for 127.0.0.1 at 2020-04-28 02:57:26 +0900
Processing by TopicsController#index as HTML
  Rendering topics/index.html.erb within layouts/application
  [1m[36mTopic Load (0.2ms)[0m  [1m[34mSELECT "topics".* FROM "topics"[0m
  â†³ app/views/topics/index.html.erb:14
  Rendered topics/index.html.erb within layouts/application (1.7ms)
Completed 200 OK in 22ms (Views: 20.8ms | ActiveRecord: 0.2ms)


Started GET "/topics/new" for 127.0.0.1 at 2020-04-28 02:57:27 +0900
Processing by TopicsController#new as HTML
  Rendering topics/new.html.erb within layouts/application
  Rendered topics/_form.html.erb (2.8ms)
  Rendered topics/new.html.erb within layouts/application (4.1ms)
Completed 200 OK in 26ms (Views: 25.3ms | ActiveRecord: 0.0ms)


Started POST "/topics" for 127.0.0.1 at 2020-04-28 02:57:30 +0900
Processing by TopicsController#create as HTML
  Parameters: {"utf8"=>"âœ“", "authenticity_token"=>"aXwNGOmKPSMwkV6VNJyUY3xVNotvhpcIXYRiWmlaRBac9JK3HDvGRcjaliL9Xi8219aBVx4Ipee9hshpcYCrrA==", "topic"=>{"title"=>"ã“ã‚“ã«ã¡ã¯"}, "commit"=>"Create Topic"}
  [1m[35m (0.1ms)[0m  [1m[36mbegin transaction[0m
  â†³ app/controllers/topics_controller.rb:30
  [1m[36mTopic Create (0.4ms)[0m  [1m[32mINSERT INTO "topics" ("title", "created_at", "updated_at") VALUES (?, ?, ?)[0m  [["title", "ã“ã‚“ã«ã¡ã¯"], ["created_at", "2020-04-27 17:57:30.762259"], ["updated_at", "2020-04-27 17:57:30.762259"]]
  â†³ app/controllers/topics_controller.rb:30
  [1m[35m (250.6ms)[0m  [1m[36mcommit transaction[0m
  â†³ app/controllers/topics_controller.rb:30
Redirected to http://localhost:3000/topics/5
Completed 302 Found in 257ms (ActiveRecord: 251.1ms)


Started GET "/topics/5" for 127.0.0.1 at 2020-04-28 02:57:31 +0900
Processing by TopicsController#show as HTML
  Parameters: {"id"=>"5"}
  [1m[36mTopic Load (0.1ms)[0m  [1m[34mSELECT  "topics".* FROM "topics" WHERE "topics"."id" = ? LIMIT ?[0m  [["id", 5], ["LIMIT", 1]]
  â†³ app/controllers/topics_controller.rb:67
  Rendering topics/show.html.erb within layouts/application
  Rendered topics/show.html.erb within layouts/application (0.8ms)
Completed 200 OK in 20ms (Views: 19.0ms | ActiveRecord: 0.1ms)


Started GET "/topics" for 127.0.0.1 at 2020-04-28 02:57:33 +0900
Processing by TopicsController#index as HTML
  Rendering topics/index.html.erb within layouts/application
  [1m[36mTopic Load (0.2ms)[0m  [1m[34mSELECT "topics".* FROM "topics"[0m
  â†³ app/views/topics/index.html.erb:14
  Rendered topics/index.html.erb within layouts/application (1.8ms)
Completed 200 OK in 24ms (Views: 22.4ms | ActiveRecord: 0.2ms)


Started GET "/topics/new" for 127.0.0.1 at 2020-04-28 02:57:34 +0900
Processing by TopicsController#new as HTML
  Rendering topics/new.html.erb within layouts/application
  Rendered topics/_form.html.erb (2.1ms)
  Rendered topics/new.html.erb within layouts/application (3.4ms)
Completed 200 OK in 32ms (Views: 30.1ms | ActiveRecord: 0.0ms)


Started POST "/topics" for 127.0.0.1 at 2020-04-28 02:57:37 +0900
Processing by TopicsController#create as HTML
  Parameters: {"utf8"=>"âœ“", "authenticity_token"=>"gbw8NeuOSXF6PUw3rnXeeeGmMDxKiIZoJYWs0/mDQ8Z0NKOaHj+yF4J2hIBnt2UsSiWH4DsGtIfFhwbg4VmsfA==", "topic"=>{"title"=>"ã“ã‚“ã«ã¡ã¯"}, "commit"=>"Create Topic"}
  [1m[35m (0.1ms)[0m  [1m[36mbegin transaction[0m
  â†³ app/controllers/topics_controller.rb:30
  [1m[36mTopic Create (1.5ms)[0m  [1m[32mINSERT INTO "topics" ("title", "created_at", "updated_at") VALUES (?, ?, ?)[0m  [["title", "ã“ã‚“ã«ã¡ã¯"], ["created_at", "2020-04-27 17:57:37.731386"], ["updated_at", "2020-04-27 17:57:37.731386"]]
  â†³ app/controllers/topics_controller.rb:30
  [1m[35m (217.7ms)[0m  [1m[36mcommit transaction[0m
  â†³ app/controllers/topics_controller.rb:30
Redirected to http://localhost:3000/topics/6
Completed 302 Found in 225ms (ActiveRecord: 219.3ms)


Started GET "/topics/6" for 127.0.0.1 at 2020-04-28 02:57:37 +0900
Processing by TopicsController#show as HTML
  Parameters: {"id"=>"6"}
  [1m[36mTopic Load (0.2ms)[0m  [1m[34mSELECT  "topics".* FROM "topics" WHERE "topics"."id" = ? LIMIT ?[0m  [["id", 6], ["LIMIT", 1]]
  â†³ app/controllers/topics_controller.rb:67
  Rendering topics/show.html.erb within layouts/application
  Rendered topics/show.html.erb within layouts/application (0.9ms)
Completed 200 OK in 19ms (Views: 17.1ms | ActiveRecord: 0.2ms)


Started GET "/topics" for 127.0.0.1 at 2020-04-28 02:57:39 +0900
Processing by TopicsController#index as HTML
  Rendering topics/index.html.erb within layouts/application
  [1m[36mTopic Load (0.3ms)[0m  [1m[34mSELECT "topics".* FROM "topics"[0m
  â†³ app/views/topics/index.html.erb:14
  Rendered topics/index.html.erb within layouts/application (4.6ms)
Completed 200 OK in 32ms (Views: 30.8ms | ActiveRecord: 0.3ms)


Started GET "/topics" for 127.0.0.1 at 2020-04-28 02:59:58 +0900
Processing by TopicsController#index as HTML
  Rendering topics/index.html.erb within layouts/application
  [1m[36mTopic Load (0.3ms)[0m  [1m[34mSELECT "topics".* FROM "topics"[0m
  â†³ app/views/topics/index.html.erb:14
  Rendered topics/index.html.erb within layouts/application (3.0ms)
Completed 200 OK in 25ms (Views: 23.8ms | ActiveRecord: 0.3ms)


Started GET "/topics" for 127.0.0.1 at 2020-04-28 03:00:18 +0900
Processing by TopicsController#index as HTML
  Rendering topics/index.html.erb within layouts/application
  [1m[36mTopic Load (0.2ms)[0m  [1m[34mSELECT "topics".* FROM "topics"[0m
  â†³ app/views/topics/index.html.erb:14
  Rendered topics/index.html.erb within layouts/application (3.8ms)
Completed 200 OK in 28ms (Views: 26.2ms | ActiveRecord: 0.2ms)


Started GET "/topics" for 127.0.0.1 at 2020-04-28 03:01:36 +0900
Processing by TopicsController#index as HTML
  Rendering topics/index.html.erb within layouts/application
  [1m[36mTopic Load (0.2ms)[0m  [1m[34mSELECT "topics".* FROM "topics"[0m
  â†³ app/views/topics/index.html.erb:14
  Rendered topics/index.html.erb within layouts/application (2.2ms)
Completed 200 OK in 21ms (Views: 20.2ms | ActiveRecord: 0.2ms)


Started GET "/topics" for 127.0.0.1 at 2020-04-28 03:02:20 +0900
Processing by TopicsController#index as HTML
  Rendering topics/index.html.erb within layouts/application
  [1m[36mTopic Load (0.2ms)[0m  [1m[34mSELECT "topics".* FROM "topics"[0m
  â†³ app/views/topics/index.html.erb:14
  Rendered topics/index.html.erb within layouts/application (1.9ms)
Completed 200 OK in 20ms (Views: 19.1ms | ActiveRecord: 0.2ms)


Started GET "/topics/new" for 127.0.0.1 at 2020-04-28 03:02:24 +0900
Processing by TopicsController#new as HTML
  Rendering topics/new.html.erb within layouts/application
  Rendered topics/_form.html.erb (3.0ms)
  Rendered topics/new.html.erb within layouts/application (4.3ms)
Completed 200 OK in 25ms (Views: 23.8ms | ActiveRecord: 0.0ms)


Started POST "/topics" for 127.0.0.1 at 2020-04-28 03:02:33 +0900
Processing by TopicsController#create as HTML
  Parameters: {"utf8"=>"âœ“", "authenticity_token"=>"Jm4lRlBqNuj9IG6bG8st145AQyuRv6DTk43sjX63SZLT5rrppdvNjgVrpizSCZaCJcP09+Axkjxzj0a+Zm2mKA==", "topic"=>{"title"=>"ã“ã‚“ã«ã¡ã¯"}, "commit"=>"Create Topic"}
  [1m[35m (0.1ms)[0m  [1m[36mbegin transaction[0m
  â†³ app/controllers/topics_controller.rb:30
  [1m[36mTopic Create (0.6ms)[0m  [1m[32mINSERT INTO "topics" ("title", "created_at", "updated_at") VALUES (?, ?, ?)[0m  [["title", "ã“ã‚“ã«ã¡ã¯"], ["created_at", "2020-04-27 18:02:33.340823"], ["updated_at", "2020-04-27 18:02:33.340823"]]
  â†³ app/controllers/topics_controller.rb:30
  [1m[35m (249.5ms)[0m  [1m[36mcommit transaction[0m
  â†³ app/controllers/topics_controller.rb:30
Redirected to http://localhost:3000/topics/7
Completed 302 Found in 256ms (ActiveRecord: 250.2ms)


Started GET "/topics/7" for 127.0.0.1 at 2020-04-28 03:02:33 +0900
Processing by TopicsController#show as HTML
  Parameters: {"id"=>"7"}
  [1m[36mTopic Load (0.2ms)[0m  [1m[34mSELECT  "topics".* FROM "topics" WHERE "topics"."id" = ? LIMIT ?[0m  [["id", 7], ["LIMIT", 1]]
  â†³ app/controllers/topics_controller.rb:67
  Rendering topics/show.html.erb within layouts/application
  Rendered topics/show.html.erb within layouts/application (0.8ms)
Completed 200 OK in 22ms (Views: 20.0ms | ActiveRecord: 0.2ms)


Started GET "/topics/7" for 127.0.0.1 at 2020-04-28 03:03:53 +0900
Processing by TopicsController#show as HTML
  Parameters: {"id"=>"7"}
  [1m[36mTopic Load (0.2ms)[0m  [1m[34mSELECT  "topics".* FROM "topics" WHERE "topics"."id" = ? LIMIT ?[0m  [["id", 7], ["LIMIT", 1]]
  â†³ app/controllers/topics_controller.rb:67
  Rendering topics/show.html.erb within layouts/application
  Rendered topics/show.html.erb within layouts/application (1.0ms)
Completed 200 OK in 22ms (Views: 19.7ms | ActiveRecord: 0.2ms)


Started GET "/topics" for 127.0.0.1 at 2020-04-28 03:03:55 +0900
Processing by TopicsController#index as HTML
  Rendering topics/index.html.erb within layouts/application
  [1m[36mTopic Load (0.5ms)[0m  [1m[34mSELECT "topics".* FROM "topics"[0m
  â†³ app/views/topics/index.html.erb:14
  Rendered topics/index.html.erb within layouts/application (4.2ms)
Completed 200 OK in 26ms (Views: 23.9ms | ActiveRecord: 0.5ms)


Started GET "/topics/new" for 127.0.0.1 at 2020-04-28 03:03:57 +0900
Processing by TopicsController#new as HTML
  Rendering topics/new.html.erb within layouts/application
  Rendered topics/_form.html.erb (2.5ms)
  Rendered topics/new.html.erb within layouts/application (3.8ms)
Completed 200 OK in 29ms (Views: 28.3ms | ActiveRecord: 0.0ms)


Started POST "/topics" for 127.0.0.1 at 2020-04-28 03:04:00 +0900
Processing by TopicsController#create as HTML
  Parameters: {"utf8"=>"âœ“", "authenticity_token"=>"Fvet5/+LA9zuv37hCyNaxNfKsLxTp23GfKRhFtWZIVzjfzJICjr4uhb0tlbC4eGRfEkHYCIpXymcpsslzUPO5g==", "topic"=>{"title"=>"ã“ã‚“ã«ã¡ã¯"}, "commit"=>"Create Topic"}
  [1m[35m (0.1ms)[0m  [1m[36mbegin transaction[0m
  â†³ app/controllers/topics_controller.rb:30
  [1m[36mTopic Create (0.7ms)[0m  [1m[32mINSERT INTO "topics" ("title", "created_at", "updated_at") VALUES (?, ?, ?)[0m  [["title", "ã“ã‚“ã«ã¡ã¯"], ["created_at", "2020-04-27 18:04:00.278727"], ["updated_at", "2020-04-27 18:04:00.278727"]]
  â†³ app/controllers/topics_controller.rb:30
  [1m[35m (228.2ms)[0m  [1m[36mcommit transaction[0m
  â†³ app/controllers/topics_controller.rb:30
Redirected to http://localhost:3000/topics/8
Completed 302 Found in 235ms (ActiveRecord: 228.9ms)


Started GET "/topics/8" for 127.0.0.1 at 2020-04-28 03:04:00 +0900
Processing by TopicsController#show as HTML
  Parameters: {"id"=>"8"}
  [1m[36mTopic Load (0.1ms)[0m  [1m[34mSELECT  "topics".* FROM "topics" WHERE "topics"."id" = ? LIMIT ?[0m  [["id", 8], ["LIMIT", 1]]
  â†³ app/controllers/topics_controller.rb:67
  Rendering topics/show.html.erb within layouts/application
  Rendered topics/show.html.erb within layouts/application (1.0ms)
Completed 200 OK in 18ms (Views: 16.4ms | ActiveRecord: 0.1ms)


Started GET "/topics/8" for 127.0.0.1 at 2020-04-28 03:04:24 +0900
Processing by TopicsController#show as HTML
  Parameters: {"id"=>"8"}
  [1m[36mTopic Load (0.1ms)[0m  [1m[34mSELECT  "topics".* FROM "topics" WHERE "topics"."id" = ? LIMIT ?[0m  [["id", 8], ["LIMIT", 1]]
  â†³ app/controllers/topics_controller.rb:67
  Rendering topics/show.html.erb within layouts/application
  Rendered topics/show.html.erb within layouts/application (0.7ms)
Completed 200 OK in 19ms (Views: 17.7ms | ActiveRecord: 0.1ms)


Started GET "/topics" for 127.0.0.1 at 2020-04-28 03:04:27 +0900
Processing by TopicsController#index as HTML
  Rendering topics/index.html.erb within layouts/application
  [1m[36mTopic Load (0.3ms)[0m  [1m[34mSELECT "topics".* FROM "topics"[0m
  â†³ app/views/topics/index.html.erb:14
  Rendered topics/index.html.erb within layouts/application (2.2ms)
Completed 200 OK in 24ms (Views: 22.7ms | ActiveRecord: 0.3ms)


Started GET "/topics/new" for 127.0.0.1 at 2020-04-28 03:04:29 +0900
Processing by TopicsController#new as HTML
  Rendering topics/new.html.erb within layouts/application
  Rendered topics/_form.html.erb (3.1ms)
  Rendered topics/new.html.erb within layouts/application (5.2ms)
Completed 200 OK in 28ms (Views: 27.0ms | ActiveRecord: 0.0ms)


Started POST "/topics" for 127.0.0.1 at 2020-04-28 03:04:32 +0900
Processing by TopicsController#create as HTML
  Parameters: {"utf8"=>"âœ“", "authenticity_token"=>"IhrrWl7f2YKitRDtPQ2vtodcaOqFs9fEPYXeNCHjtXHXknT1q24i5Fr+2Fr0zxTjLN/fNvQ95Svdh3QHOTlayw==", "topic"=>{"title"=>"ã“ã‚“ã«ã¡ã¯"}, "commit"=>"Create Topic"}
  [1m[35m (0.1ms)[0m  [1m[36mbegin transaction[0m
  â†³ app/controllers/topics_controller.rb:30
  [1m[36mTopic Create (2.0ms)[0m  [1m[32mINSERT INTO "topics" ("title", "created_at", "updated_at") VALUES (?, ?, ?)[0m  [["title", "ã“ã‚“ã«ã¡ã¯"], ["created_at", "2020-04-27 18:04:32.168232"], ["updated_at", "2020-04-27 18:04:32.168232"]]
  â†³ app/controllers/topics_controller.rb:30
  [1m[35m (249.9ms)[0m  [1m[36mcommit transaction[0m
  â†³ app/controllers/topics_controller.rb:30
Redirected to http://localhost:3000/topics/9
Completed 302 Found in 259ms (ActiveRecord: 252.0ms)


Started GET "/topics/9" for 127.0.0.1 at 2020-04-28 03:04:32 +0900
Processing by TopicsController#show as HTML
  Parameters: {"id"=>"9"}
  [1m[36mTopic Load (0.1ms)[0m  [1m[34mSELECT  "topics".* FROM "topics" WHERE "topics"."id" = ? LIMIT ?[0m  [["id", 9], ["LIMIT", 1]]
  â†³ app/controllers/topics_controller.rb:67
  Rendering topics/show.html.erb within layouts/application
  Rendered topics/show.html.erb within layouts/application (1.1ms)
Completed 200 OK in 18ms (Views: 16.5ms | ActiveRecord: 0.1ms)


Started GET "/topics" for 127.0.0.1 at 2020-04-28 03:05:10 +0900
Processing by TopicsController#index as HTML
  Rendering topics/index.html.erb within layouts/application
  [1m[36mTopic Load (0.2ms)[0m  [1m[34mSELECT "topics".* FROM "topics"[0m
  â†³ app/views/topics/index.html.erb:14
  Rendered topics/index.html.erb within layouts/application (1.8ms)
Completed 200 OK in 27ms (Views: 25.0ms | ActiveRecord: 0.2ms)


Started GET "/topics/new" for 127.0.0.1 at 2020-04-28 03:05:11 +0900
Processing by TopicsController#new as HTML
  Rendering topics/new.html.erb within layouts/application
  Rendered topics/_form.html.erb (2.7ms)
  Rendered topics/new.html.erb within layouts/application (4.7ms)
Completed 200 OK in 27ms (Views: 25.2ms | ActiveRecord: 0.0ms)


Started GET "/topics" for 127.0.0.1 at 2020-04-28 03:06:04 +0900
Processing by TopicsController#index as HTML
  Rendering topics/index.html.erb within layouts/application
  [1m[36mTopic Load (0.4ms)[0m  [1m[34mSELECT "topics".* FROM "topics"[0m
  â†³ app/views/topics/index.html.erb:14
  Rendered topics/index.html.erb within layouts/application (3.7ms)
Completed 200 OK in 23ms (Views: 21.2ms | ActiveRecord: 0.4ms)


Started GET "/topics/new" for 127.0.0.1 at 2020-04-28 03:06:10 +0900
Processing by TopicsController#new as HTML
  Rendering topics/new.html.erb within layouts/application
  Rendered topics/_form.html.erb (1.8ms)
  Rendered topics/new.html.erb within layouts/application (3.0ms)
Completed 200 OK in 27ms (Views: 25.6ms | ActiveRecord: 0.0ms)


Started GET "/topics/new" for 127.0.0.1 at 2020-04-28 03:07:10 +0900
Processing by TopicsController#new as HTML
  Rendering topics/new.html.erb within layouts/application
  Rendered topics/_form.html.erb (3.0ms)
  Rendered topics/new.html.erb within layouts/application (4.5ms)
Completed 200 OK in 29ms (Views: 27.5ms | ActiveRecord: 0.0ms)


Started POST "/topics" for 127.0.0.1 at 2020-04-28 03:07:21 +0900
Processing by TopicsController#create as HTML
  Parameters: {"utf8"=>"âœ“", "authenticity_token"=>"liRgb9+rqsRt3VBJlkVdNzaDcFS6rU6Mh+93VQVuPpNL8tfr2ir1KCNWmA2caTLGWSQyAqJwvvvfN+RHRma3DA==", "topic"=>{"title"=>"ã“ã‚“ã«ã¡ã¯"}, "commit"=>"Create Topic"}
  [1m[35m (0.1ms)[0m  [1m[36mbegin transaction[0m
  â†³ app/controllers/topics_controller.rb:30
  [1m[36mTopic Create (0.3ms)[0m  [1m[32mINSERT INTO "topics" ("title", "created_at", "updated_at") VALUES (?, ?, ?)[0m  [["title", "ã“ã‚“ã«ã¡ã¯"], ["created_at", "2020-04-27 18:07:21.393501"], ["updated_at", "2020-04-27 18:07:21.393501"]]
  â†³ app/controllers/topics_controller.rb:30
  [1m[35m (237.5ms)[0m  [1m[36mcommit transaction[0m
  â†³ app/controllers/topics_controller.rb:30
Redirected to http://localhost:3000/topics/10
Completed 302 Found in 243ms (ActiveRecord: 237.9ms)


Started GET "/topics/10" for 127.0.0.1 at 2020-04-28 03:07:21 +0900
Processing by TopicsController#show as HTML
  Parameters: {"id"=>"10"}
  [1m[36mTopic Load (0.1ms)[0m  [1m[34mSELECT  "topics".* FROM "topics" WHERE "topics"."id" = ? LIMIT ?[0m  [["id", 10], ["LIMIT", 1]]
  â†³ app/controllers/topics_controller.rb:67
  Rendering topics/show.html.erb within layouts/application
  Rendered topics/show.html.erb within layouts/application (0.7ms)
Completed 200 OK in 19ms (Views: 16.7ms | ActiveRecord: 0.1ms)


Started GET "/topics" for 127.0.0.1 at 2020-04-28 03:07:27 +0900
Processing by TopicsController#index as HTML
  Rendering topics/index.html.erb within layouts/application
  [1m[36mTopic Load (0.6ms)[0m  [1m[34mSELECT "topics".* FROM "topics"[0m
  â†³ app/views/topics/index.html.erb:14
  Rendered topics/index.html.erb within layouts/application (3.9ms)
Completed 200 OK in 30ms (Views: 28.1ms | ActiveRecord: 0.6ms)


Started GET "/topics/new" for 127.0.0.1 at 2020-04-28 03:07:29 +0900
Processing by TopicsController#new as HTML
  Rendering topics/new.html.erb within layouts/application
  Rendered topics/_form.html.erb (2.6ms)
  Rendered topics/new.html.erb within layouts/application (5.1ms)
Completed 200 OK in 27ms (Views: 25.1ms | ActiveRecord: 0.0ms)


Started POST "/topics" for 127.0.0.1 at 2020-04-28 03:07:33 +0900
Processing by TopicsController#create as HTML
  Parameters: {"utf8"=>"âœ“", "authenticity_token"=>"jdVM2rPDL5/Qa3ngVTtPQKibieeFSkwz8is2bnjzoDN4XdN1RnLU+SggsVec+fQVAxg+O/TEftwSKZxdYClPiQ==", "topic"=>{"title"=>"ã¬ã¬ã¬"}, "commit"=>"Create Topic"}
  [1m[35m (0.1ms)[0m  [1m[36mbegin transaction[0m
  â†³ app/controllers/topics_controller.rb:30
  [1m[36mTopic Create (0.3ms)[0m  [1m[32mINSERT INTO "topics" ("title", "created_at", "updated_at") VALUES (?, ?, ?)[0m  [["title", "ã¬ã¬ã¬"], ["created_at", "2020-04-27 18:07:33.627907"], ["updated_at", "2020-04-27 18:07:33.627907"]]
  â†³ app/controllers/topics_controller.rb:30
  [1m[35m (246.4ms)[0m  [1m[36mcommit transaction[0m
  â†³ app/controllers/topics_controller.rb:30
Redirected to http://localhost:3000/topics/11
Completed 302 Found in 252ms (ActiveRecord: 246.7ms)


Started GET "/topics/11" for 127.0.0.1 at 2020-04-28 03:07:33 +0900
Processing by TopicsController#show as HTML
  Parameters: {"id"=>"11"}
  [1m[36mTopic Load (0.2ms)[0m  [1m[34mSELECT  "topics".* FROM "topics" WHERE "topics"."id" = ? LIMIT ?[0m  [["id", 11], ["LIMIT", 1]]
  â†³ app/controllers/topics_controller.rb:67
  Rendering topics/show.html.erb within layouts/application
  Rendered topics/show.html.erb within layouts/application (0.8ms)
Completed 200 OK in 20ms (Views: 17.8ms | ActiveRecord: 0.2ms)


Started GET "/topics" for 127.0.0.1 at 2020-04-28 03:07:35 +0900
Processing by TopicsController#index as HTML
  Rendering topics/index.html.erb within layouts/application
  [1m[36mTopic Load (0.3ms)[0m  [1m[34mSELECT "topics".* FROM "topics"[0m
  â†³ app/views/topics/index.html.erb:14
  Rendered topics/index.html.erb within layouts/application (2.0ms)
Completed 200 OK in 28ms (Views: 26.8ms | ActiveRecord: 0.3ms)


Started GET "/topics" for 127.0.0.1 at 2020-04-28 03:08:51 +0900
Processing by TopicsController#index as HTML
  Rendering topics/index.html.erb within layouts/application
  [1m[36mTopic Load (0.2ms)[0m  [1m[34mSELECT "topics".* FROM "topics"[0m
  â†³ app/views/topics/index.html.erb:14
  Rendered topics/index.html.erb within layouts/application (2.1ms)
Completed 200 OK in 20ms (Views: 18.9ms | ActiveRecord: 0.2ms)


Started GET "/topics" for 127.0.0.1 at 2020-04-28 03:11:08 +0900
Processing by TopicsController#index as HTML
  Rendering topics/index.html.erb within layouts/application
  [1m[36mTopic Load (0.2ms)[0m  [1m[34mSELECT "topics".* FROM "topics"[0m
  â†³ app/views/topics/index.html.erb:14
  Rendered topics/index.html.erb within layouts/application (2.0ms)
Completed 200 OK in 20ms (Views: 18.6ms | ActiveRecord: 0.2ms)


Started GET "/topics/new" for 127.0.0.1 at 2020-04-28 03:11:12 +0900
Processing by TopicsController#new as HTML
  Rendering topics/new.html.erb within layouts/application
  Rendered topics/_form.html.erb (2.5ms)
  Rendered topics/new.html.erb within layouts/application (4.1ms)
Completed 200 OK in 24ms (Views: 23.4ms | ActiveRecord: 0.0ms)


Started POST "/topics" for 127.0.0.1 at 2020-04-28 03:11:15 +0900
Processing by TopicsController#create as HTML
  Parameters: {"utf8"=>"âœ“", "authenticity_token"=>"q7mFUnChBCOR88P9yQmIbRhI2vIoZHD7MSVyQGg7KoZeMRr9hRD/RWm4C0oAyzM4s8ttLlnqQhTRJ9hzcOHFPA==", "topic"=>{"title"=>""}, "commit"=>"Create Topic"}
  [1m[35m (0.1ms)[0m  [1m[36mbegin transaction[0m
  â†³ app/controllers/topics_controller.rb:30
  [1m[36mTopic Create (0.4ms)[0m  [1m[32mINSERT INTO "topics" ("title", "created_at", "updated_at") VALUES (?, ?, ?)[0m  [["title", ""], ["created_at", "2020-04-27 18:11:15.505399"], ["updated_at", "2020-04-27 18:11:15.505399"]]
  â†³ app/controllers/topics_controller.rb:30
  [1m[35m (150.8ms)[0m  [1m[36mcommit transaction[0m
  â†³ app/controllers/topics_controller.rb:30
Redirected to http://localhost:3000/topics/12
Completed 302 Found in 159ms (ActiveRecord: 151.3ms)


Started GET "/topics/12" for 127.0.0.1 at 2020-04-28 03:11:15 +0900
Processing by TopicsController#show as HTML
  Parameters: {"id"=>"12"}
  [1m[36mTopic Load (0.1ms)[0m  [1m[34mSELECT  "topics".* FROM "topics" WHERE "topics"."id" = ? LIMIT ?[0m  [["id", 12], ["LIMIT", 1]]
  â†³ app/controllers/topics_controller.rb:67
  Rendering topics/show.html.erb within layouts/application
  Rendered topics/show.html.erb within layouts/application (0.7ms)
Completed 200 OK in 18ms (Views: 16.5ms | ActiveRecord: 0.1ms)


Started GET "/topics" for 127.0.0.1 at 2020-04-28 03:12:11 +0900
Processing by TopicsController#index as HTML
  Rendering topics/index.html.erb within layouts/application
  [1m[36mTopic Load (0.2ms)[0m  [1m[34mSELECT "topics".* FROM "topics"[0m
  â†³ app/views/topics/index.html.erb:14
  Rendered topics/index.html.erb within layouts/application (3.1ms)
Completed 200 OK in 23ms (Views: 21.4ms | ActiveRecord: 0.2ms)


Started GET "/topics/new" for 127.0.0.1 at 2020-04-28 03:12:21 +0900
Processing by TopicsController#new as HTML
  Rendering topics/new.html.erb within layouts/application
  Rendered topics/_form.html.erb (1.9ms)
  Rendered topics/new.html.erb within layouts/application (3.4ms)
Completed 200 OK in 21ms (Views: 20.1ms | ActiveRecord: 0.0ms)


Started GET "/topics" for 127.0.0.1 at 2020-04-28 03:15:39 +0900
Processing by TopicsController#index as HTML
  Rendering topics/index.html.erb within layouts/application
  [1m[36mTopic Load (0.2ms)[0m  [1m[34mSELECT "topics".* FROM "topics"[0m
  â†³ app/views/topics/index.html.erb:14
  Rendered topics/index.html.erb within layouts/application (1.8ms)
Completed 500 Internal Server Error in 743ms (ActiveRecord: 0.2ms)


  
ActionView::Template::Error (/tmp/execjs20200428-8688-1gzhtumjs:7215
        throw helpers.updateSyntaxError(err, code, options.filename);
        ^

<anonymous>:5:9: error: unexpected end of input
ipt.org/
        ^
):
     6:     <%= csp_meta_tag %>
     7: 
     8:     <%= stylesheet_link_tag    'application', media: 'all', 'data-turbolinks-track': 'reload' %>
     9:     <%= javascript_include_tag 'application', 'data-turbolinks-track': 'reload' %>
    10:   </head>
    11: 
    12:   <body>
  
(execjs):7215
app/views/layouts/application.html.erb:9:in `_app_views_layouts_application_html_erb___3013379498748291702_70006096257780'
Started GET "/topics" for 127.0.0.1 at 2020-04-28 03:15:45 +0900
Processing by TopicsController#index as HTML
  Rendering topics/index.html.erb within layouts/application
  [1m[36mTopic Load (0.4ms)[0m  [1m[34mSELECT "topics".* FROM "topics"[0m
  â†³ app/views/topics/index.html.erb:14
  Rendered topics/index.html.erb within layouts/application (2.9ms)
Completed 500 Internal Server Error in 672ms (ActiveRecord: 0.4ms)


  
ActionView::Template::Error (/tmp/execjs20200428-8688-1wxyv1ijs:7215
        throw helpers.updateSyntaxError(err, code, options.filename);
        ^

<anonymous>:5:9: error: unexpected end of input
ipt.org/
        ^
):
     6:     <%= csp_meta_tag %>
     7: 
     8:     <%= stylesheet_link_tag    'application', media: 'all', 'data-turbolinks-track': 'reload' %>
     9:     <%= javascript_include_tag 'application', 'data-turbolinks-track': 'reload' %>
    10:   </head>
    11: 
    12:   <body>
  
(execjs):7215
app/views/layouts/application.html.erb:9:in `_app_views_layouts_application_html_erb___3013379498748291702_70006105754440'
Started GET "/topics/12" for 127.0.0.1 at 2020-04-28 03:16:01 +0900
Processing by TopicsController#show as HTML
  Parameters: {"id"=>"12"}
  [1m[36mTopic Load (0.2ms)[0m  [1m[34mSELECT  "topics".* FROM "topics" WHERE "topics"."id" = ? LIMIT ?[0m  [["id", 12], ["LIMIT", 1]]
  â†³ app/controllers/topics_controller.rb:67
  Rendering topics/show.html.erb within layouts/application
  Rendered topics/show.html.erb within layouts/application (0.9ms)
Completed 500 Internal Server Error in 686ms (ActiveRecord: 0.2ms)


  
ActionView::Template::Error (/tmp/execjs20200428-8688-e167pxjs:7215
        throw helpers.updateSyntaxError(err, code, options.filename);
        ^

<anonymous>:4:9: error: unexpected end of input
ipt.org/
        ^
):
     6:     <%= csp_meta_tag %>
     7: 
     8:     <%= stylesheet_link_tag    'application', media: 'all', 'data-turbolinks-track': 'reload' %>
     9:     <%= javascript_include_tag 'application', 'data-turbolinks-track': 'reload' %>
    10:   </head>
    11: 
    12:   <body>
  
(execjs):7215
app/views/layouts/application.html.erb:9:in `_app_views_layouts_application_html_erb___3013379498748291702_70006190335740'
Started GET "/topics/12" for 127.0.0.1 at 2020-04-28 03:16:54 +0900
  [1m[35m (0.1ms)[0m  [1m[34mSELECT "schema_migrations"."version" FROM "schema_migrations" ORDER BY "schema_migrations"."version" ASC[0m
  â†³ /usr/lib/ruby/vendor_ruby/web_console/middleware.rb:135
Processing by TopicsController#show as HTML
  Parameters: {"id"=>"12"}
  [1m[36mTopic Load (0.4ms)[0m  [1m[34mSELECT  "topics".* FROM "topics" WHERE "topics"."id" = ? LIMIT ?[0m  [["id", 12], ["LIMIT", 1]]
  â†³ app/controllers/topics_controller.rb:67
  Rendering topics/show.html.erb within layouts/application
  Rendered topics/show.html.erb within layouts/application (1.0ms)
Completed 500 Internal Server Error in 1448ms (ActiveRecord: 1.4ms)


  
ActionView::Template::Error (/tmp/execjs20200428-12323-17cc9iejs:7215
        throw helpers.updateSyntaxError(err, code, options.filename);
        ^

<anonymous>:4:9: error: unexpected end of input
ipt.org/
        ^
):
     5:     <%= csrf_meta_tags %>
     6:     <%= csp_meta_tag %>
     7: 
     8:     <%= stylesheet_link_tag    'application', media: 'all', 'data-turbolinks-track': 'reload' %>
     9:     <%= javascript_include_tag 'application', 'data-turbolinks-track': 'reload' %>
    10:   </head>
    11: 
  
(execjs):7215
app/views/layouts/application.html.erb:8:in `_app_views_layouts_application_html_erb__198082672899672446_69991731687080'
Started GET "/topics/12" for 127.0.0.1 at 2020-04-28 03:17:55 +0900
Processing by TopicsController#show as HTML
  Parameters: {"id"=>"12"}
  [1m[36mTopic Load (0.3ms)[0m  [1m[34mSELECT  "topics".* FROM "topics" WHERE "topics"."id" = ? LIMIT ?[0m  [["id", 12], ["LIMIT", 1]]
  â†³ app/controllers/topics_controller.rb:67
  Rendering topics/show.html.erb within layouts/application
  Rendered topics/show.html.erb within layouts/application (1.4ms)
Completed 500 Internal Server Error in 669ms (ActiveRecord: 0.3ms)


  
ActionView::Template::Error (/tmp/execjs20200428-12323-16jifq4js:7215
        throw helpers.updateSyntaxError(err, code, options.filename);
        ^

<anonymous>:4:9: error: unexpected end of input
ipt.org/
        ^
):
     5:     <%= csrf_meta_tags %>
     6:     <%= csp_meta_tag %>
     7: 
     8:     <%= stylesheet_link_tag    'application', media: 'all', 'data-turbolinks-track': 'reload' %>
     9:     <%= javascript_include_tag 'application', 'data-turbolinks-track': 'reload' %>
    10:   </head>
    11: 
  
(execjs):7215
app/views/layouts/application.html.erb:8:in `_app_views_layouts_application_html_erb__198082672899672446_69991744427480'
Started GET "/topics/12" for 127.0.0.1 at 2020-04-28 03:17:58 +0900
Processing by TopicsController#show as HTML
  Parameters: {"id"=>"12"}
  [1m[36mTopic Load (0.2ms)[0m  [1m[34mSELECT  "topics".* FROM "topics" WHERE "topics"."id" = ? LIMIT ?[0m  [["id", 12], ["LIMIT", 1]]
  â†³ app/controllers/topics_controller.rb:67
  Rendering topics/show.html.erb within layouts/application
  Rendered topics/show.html.erb within layouts/application (0.7ms)
Completed 500 Internal Server Error in 667ms (ActiveRecord: 0.2ms)


  
ActionView::Template::Error (/tmp/execjs20200428-12323-1oosrfhjs:7215
        throw helpers.updateSyntaxError(err, code, options.filename);
        ^

<anonymous>:4:9: error: unexpected end of input
ipt.org/
        ^
):
     5:     <%= csrf_meta_tags %>
     6:     <%= csp_meta_tag %>
     7: 
     8:     <%= stylesheet_link_tag    'application', media: 'all', 'data-turbolinks-track': 'reload' %>
     9:     <%= javascript_include_tag 'application', 'data-turbolinks-track': 'reload' %>
    10:   </head>
    11: 
  
(execjs):7215
app/views/layouts/application.html.erb:8:in `_app_views_layouts_application_html_erb__198082672899672446_69991745026260'
Started GET "/topics/12" for 127.0.0.1 at 2020-04-28 03:18:12 +0900
Processing by TopicsController#show as HTML
  Parameters: {"id"=>"12"}
  [1m[36mTopic Load (0.2ms)[0m  [1m[34mSELECT  "topics".* FROM "topics" WHERE "topics"."id" = ? LIMIT ?[0m  [["id", 12], ["LIMIT", 1]]
  â†³ app/controllers/topics_controller.rb:67
  Rendering topics/show.html.erb within layouts/application
  Rendered topics/show.html.erb within layouts/application (1.1ms)
Completed 200 OK in 721ms (Views: 717.8ms | ActiveRecord: 0.2ms)


Started GET "/topics/12/edit" for 127.0.0.1 at 2020-04-28 03:18:15 +0900
Processing by TopicsController#edit as HTML
  Parameters: {"id"=>"12"}
  [1m[36mTopic Load (0.1ms)[0m  [1m[34mSELECT  "topics".* FROM "topics" WHERE "topics"."id" = ? LIMIT ?[0m  [["id", 12], ["LIMIT", 1]]
  â†³ app/controllers/topics_controller.rb:67
  Rendering topics/edit.html.erb within layouts/application
  Rendered topics/_form.html.erb (28.7ms)
  Rendered topics/edit.html.erb within layouts/application (30.3ms)
Completed 200 OK in 50ms (Views: 47.4ms | ActiveRecord: 0.1ms)


Started PATCH "/topics/12" for 127.0.0.1 at 2020-04-28 03:18:18 +0900
Processing by TopicsController#update as HTML
  Parameters: {"utf8"=>"âœ“", "authenticity_token"=>"HvmEf8UpOPwyV6yYH1wBVWuo0vTV6PQhZxHhv8jlVGR1ce6NfvYg46p1Va4zXI6iCDY+fciq6dmlt6bsv2gIbw==", "topic"=>{"title"=>"ãŠã¯ã‚ˆã†ã”ã–ã„ã¾ã™"}, "commit"=>"Update Topic", "id"=>"12"}
  [1m[36mTopic Load (0.1ms)[0m  [1m[34mSELECT  "topics".* FROM "topics" WHERE "topics"."id" = ? LIMIT ?[0m  [["id", 12], ["LIMIT", 1]]
  â†³ app/controllers/topics_controller.rb:67
  [1m[35m (0.1ms)[0m  [1m[36mbegin transaction[0m
  â†³ app/controllers/topics_controller.rb:44
  [1m[36mTopic Update (0.3ms)[0m  [1m[33mUPDATE "topics" SET "title" = ?, "updated_at" = ? WHERE "topics"."id" = ?[0m  [["title", "ãŠã¯ã‚ˆã†ã”ã–ã„ã¾ã™"], ["updated_at", "2020-04-27 18:18:18.361372"], ["id", 12]]
  â†³ app/controllers/topics_controller.rb:44
  [1m[35m (195.5ms)[0m  [1m[36mcommit transaction[0m
  â†³ app/controllers/topics_controller.rb:44
Redirected to http://localhost:3000/topics/12
Completed 302 Found in 204ms (ActiveRecord: 196.1ms)


Started GET "/topics/12" for 127.0.0.1 at 2020-04-28 03:18:18 +0900
Processing by TopicsController#show as HTML
  Parameters: {"id"=>"12"}
  [1m[36mTopic Load (0.2ms)[0m  [1m[34mSELECT  "topics".* FROM "topics" WHERE "topics"."id" = ? LIMIT ?[0m  [["id", 12], ["LIMIT", 1]]
  â†³ app/controllers/topics_controller.rb:67
  Rendering topics/show.html.erb within layouts/application
  Rendered topics/show.html.erb within layouts/application (0.9ms)
Completed 200 OK in 22ms (Views: 18.8ms | ActiveRecord: 0.2ms)


Started GET "/topics" for 127.0.0.1 at 2020-04-28 03:18:21 +0900
Processing by TopicsController#index as HTML
  Rendering topics/index.html.erb within layouts/application
  [1m[36mTopic Load (0.4ms)[0m  [1m[34mSELECT "topics".* FROM "topics"[0m
  â†³ app/views/topics/index.html.erb:14
  Rendered topics/index.html.erb within layouts/application (2.7ms)
Completed 200 OK in 25ms (Views: 23.5ms | ActiveRecord: 0.4ms)


Started GET "/" for 127.0.0.1 at 2020-04-28 03:18:29 +0900
Processing by TopicsController#index as HTML
  Rendering topics/index.html.erb within layouts/application
  [1m[36mTopic Load (0.6ms)[0m  [1m[34mSELECT "topics".* FROM "topics"[0m
  â†³ app/views/topics/index.html.erb:14
  Rendered topics/index.html.erb within layouts/application (3.8ms)
Completed 200 OK in 31ms (Views: 28.9ms | ActiveRecord: 0.6ms)


Started GET "/topics/new" for 127.0.0.1 at 2020-04-28 03:18:32 +0900
Processing by TopicsController#new as HTML
  Rendering topics/new.html.erb within layouts/application
  Rendered topics/_form.html.erb (7.1ms)
  Rendered topics/new.html.erb within layouts/application (9.4ms)
Completed 200 OK in 38ms (Views: 35.5ms | ActiveRecord: 0.0ms)


Started GET "/topics" for 127.0.0.1 at 2020-04-28 03:18:33 +0900
Processing by TopicsController#index as HTML
  Rendering topics/index.html.erb within layouts/application
  [1m[36mTopic Load (0.5ms)[0m  [1m[34mSELECT "topics".* FROM "topics"[0m
  â†³ app/views/topics/index.html.erb:14
  Rendered topics/index.html.erb within layouts/application (4.6ms)
Completed 200 OK in 39ms (Views: 37.0ms | ActiveRecord: 0.5ms)


Started GET "/topics/new" for 127.0.0.1 at 2020-04-28 03:19:07 +0900
Processing by TopicsController#new as HTML
  Rendering topics/new.html.erb within layouts/application
  Rendered topics/_form.html.erb (2.1ms)
  Rendered topics/new.html.erb within layouts/application (3.6ms)
Completed 200 OK in 34ms (Views: 31.6ms | ActiveRecord: 0.0ms)


Started GET "/topics" for 127.0.0.1 at 2020-04-28 03:20:19 +0900
Processing by TopicsController#index as HTML
  Rendering topics/index.html.erb within layouts/application
  [1m[36mTopic Load (0.2ms)[0m  [1m[34mSELECT "topics".* FROM "topics"[0m
  â†³ app/views/topics/index.html.erb:14
  Rendered topics/index.html.erb within layouts/application (2.2ms)
Completed 200 OK in 27ms (Views: 25.5ms | ActiveRecord: 0.2ms)


